Using pre-set license
Built from '2022.3/china_unity/release' branch; Version is '2022.3.17f1c1 (a01dafa986ec) revision 10493359'; Using compiler version '192829333'; Build Type 'Release'
OS: 'Windows 10  (10.0.19045) 64bit CoreCountrySpecific' Language: 'zh' Physical Memory: 16121 MB
BatchMode: 1, IsHumanControllingUs: 0, StartBugReporterOnCrash: 0, Is64bit: 1, IsPro: 1

COMMAND LINE ARGUMENTS:
G:\2022.3.17f1c1\Editor\Unity.exe
-adb2
-batchMode
-noUpm
-name
AssetImportWorker0
-projectPath
E:/Unity项目/资源/大作业
-logFile
Logs/AssetImportWorker0.log
-srvPort
10211
Successfully changed project path to: E:/Unity项目/资源/大作业
E:/Unity项目/资源/大作业
[UnityMemory] Configuration Parameters - Can be set up in boot.config
    "memorysetup-bucket-allocator-granularity=16"
    "memorysetup-bucket-allocator-bucket-count=8"
    "memorysetup-bucket-allocator-block-size=33554432"
    "memorysetup-bucket-allocator-block-count=8"
    "memorysetup-main-allocator-block-size=16777216"
    "memorysetup-thread-allocator-block-size=16777216"
    "memorysetup-gfx-main-allocator-block-size=16777216"
    "memorysetup-gfx-thread-allocator-block-size=16777216"
    "memorysetup-cache-allocator-block-size=4194304"
    "memorysetup-typetree-allocator-block-size=2097152"
    "memorysetup-profiler-bucket-allocator-granularity=16"
    "memorysetup-profiler-bucket-allocator-bucket-count=8"
    "memorysetup-profiler-bucket-allocator-block-size=33554432"
    "memorysetup-profiler-bucket-allocator-block-count=8"
    "memorysetup-profiler-allocator-block-size=16777216"
    "memorysetup-profiler-editor-allocator-block-size=1048576"
    "memorysetup-temp-allocator-size-main=16777216"
    "memorysetup-job-temp-allocator-block-size=2097152"
    "memorysetup-job-temp-allocator-block-size-background=1048576"
    "memorysetup-job-temp-allocator-reduction-small-platforms=262144"
    "memorysetup-allocator-temp-initial-block-size-main=262144"
    "memorysetup-allocator-temp-initial-block-size-worker=262144"
    "memorysetup-temp-allocator-size-background-worker=32768"
    "memorysetup-temp-allocator-size-job-worker=262144"
    "memorysetup-temp-allocator-size-preload-manager=33554432"
    "memorysetup-temp-allocator-size-nav-mesh-worker=65536"
    "memorysetup-temp-allocator-size-audio-worker=65536"
    "memorysetup-temp-allocator-size-cloud-worker=32768"
    "memorysetup-temp-allocator-size-gi-baking-worker=262144"
    "memorysetup-temp-allocator-size-gfx=262144"
Player connection [24172] Host "[IP] 192.168.184.1 [Port] 0 [Flags] 2 [Guid] 206933005 [EditorId] 206933005 [Version] 1048832 [Id] WindowsEditor(7,LAPTOP-0AR5P3Q6) [Debug] 1 [PackageName] WindowsEditor [ProjectName] Editor" joined multi-casting on [225.0.0.222:54997]...

Player connection [24172] Host "[IP] 192.168.184.1 [Port] 0 [Flags] 2 [Guid] 206933005 [EditorId] 206933005 [Version] 1048832 [Id] WindowsEditor(7,LAPTOP-0AR5P3Q6) [Debug] 1 [PackageName] WindowsEditor [ProjectName] Editor" joined alternative multi-casting on [225.0.0.222:34997]...

[Physics::Module] Initialized MultithreadedJobDispatcher with 15 workers.
Refreshing native plugins compatible for Editor in 9.61 ms, found 3 plugins.
Preloading 0 native plugins for Editor in 0.00 ms.
Initialize engine version: 2022.3.17f1c1 (a01dafa986ec)
[Subsystems] Discovering subsystems at path G:/2022.3.17f1c1/Editor/Data/Resources/UnitySubsystems
[Subsystems] Discovering subsystems at path E:/Unity项目/资源/大作业/Assets
GfxDevice: creating device client; threaded=0; jobified=0
Direct3D:
    Version:  Direct3D 11.0 [level 11.1]
    Renderer: NVIDIA GeForce RTX 3060 Laptop GPU (ID=0x2520)
    Vendor:   NVIDIA
    VRAM:     5996 MB
    Driver:   31.0.15.5123
Initialize mono
Mono path[0] = 'G:/2022.3.17f1c1/Editor/Data/Managed'
Mono path[1] = 'G:/2022.3.17f1c1/Editor/Data/MonoBleedingEdge/lib/mono/unityjit-win32'
Mono config path = 'G:/2022.3.17f1c1/Editor/Data/MonoBleedingEdge/etc'
Using monoOptions --debugger-agent=transport=dt_socket,embedding=1,server=y,suspend=n,address=127.0.0.1:56020
Begin MonoManager ReloadAssembly
Registering precompiled unity dll's ...
Register platform support module: G:/2022.3.17f1c1/Editor/Data/PlaybackEngines/WindowsStandaloneSupport/UnityEditor.WindowsStandalone.Extensions.dll
Registered in 0.005363 seconds.
- Loaded All Assemblies, in  0.459 seconds
Native extension for WindowsStandalone target not found
Mono: successfully reloaded assembly
- Finished resetting the current domain, in  0.262 seconds
Domain Reload Profiling: 716ms
	BeginReloadAssembly (176ms)
		ExecutionOrderSort (0ms)
		DisableScriptedObjects (0ms)
		BackupInstance (0ms)
		ReleaseScriptingObjects (0ms)
		CreateAndSetChildDomain (1ms)
	RebuildCommonClasses (54ms)
	RebuildNativeTypeToScriptingClass (10ms)
	initialDomainReloadingComplete (68ms)
	LoadAllAssembliesAndSetupDomain (145ms)
		LoadAssemblies (168ms)
		RebuildTransferFunctionScriptingTraits (0ms)
		AnalyzeDomain (142ms)
			TypeCache.Refresh (141ms)
				TypeCache.ScanAssembly (126ms)
			ScanForSourceGeneratedMonoScriptInfo (0ms)
			ResolveRequiredComponents (1ms)
	FinalizeReload (263ms)
		ReleaseScriptCaches (0ms)
		RebuildScriptCaches (0ms)
		SetupLoadedEditorAssemblies (205ms)
			LogAssemblyErrors (0ms)
			InitializePlatformSupportModulesInManaged (10ms)
			SetLoadedEditorAssemblies (8ms)
			RefreshPlugins (0ms)
			BeforeProcessingInitializeOnLoad (2ms)
			ProcessInitializeOnLoadAttributes (141ms)
			ProcessInitializeOnLoadMethodAttributes (43ms)
			AfterProcessingInitializeOnLoad (0ms)
			EditorAssembliesLoaded (0ms)
		ExecutionOrderSort2 (0ms)
		AwakeInstancesAfterBackupRestoration (0ms)
========================================================================
Worker process is ready to serve import requests
Begin MonoManager ReloadAssembly
- Loaded All Assemblies, in  0.598 seconds
Refreshing native plugins compatible for Editor in 2.57 ms, found 3 plugins.
Native extension for WindowsStandalone target not found
Package Manager log level set to [2]
[Package Manager] Server::EnsureServerProcessIsRunning -- launch failed, reason: Unity was launched with the -noUpm command-line argument
[Package Manager] UpmClient::Send -- Unable to send message (not connected to UPM process).
[Package Manager] Cannot connect to Unity Package Manager local server
Mono: successfully reloaded assembly
- Finished resetting the current domain, in  0.767 seconds
Domain Reload Profiling: 1361ms
	BeginReloadAssembly (137ms)
		ExecutionOrderSort (0ms)
		DisableScriptedObjects (5ms)
		BackupInstance (0ms)
		ReleaseScriptingObjects (0ms)
		CreateAndSetChildDomain (20ms)
	RebuildCommonClasses (27ms)
	RebuildNativeTypeToScriptingClass (9ms)
	initialDomainReloadingComplete (40ms)
	LoadAllAssembliesAndSetupDomain (381ms)
		LoadAssemblies (273ms)
		RebuildTransferFunctionScriptingTraits (0ms)
		AnalyzeDomain (188ms)
			TypeCache.Refresh (164ms)
				TypeCache.ScanAssembly (144ms)
			ScanForSourceGeneratedMonoScriptInfo (18ms)
			ResolveRequiredComponents (3ms)
	FinalizeReload (768ms)
		ReleaseScriptCaches (0ms)
		RebuildScriptCaches (0ms)
		SetupLoadedEditorAssemblies (635ms)
			LogAssemblyErrors (0ms)
			InitializePlatformSupportModulesInManaged (5ms)
			SetLoadedEditorAssemblies (4ms)
			RefreshPlugins (0ms)
			BeforeProcessingInitializeOnLoad (91ms)
			ProcessInitializeOnLoadAttributes (503ms)
			ProcessInitializeOnLoadMethodAttributes (20ms)
			AfterProcessingInitializeOnLoad (12ms)
			EditorAssembliesLoaded (0ms)
		ExecutionOrderSort2 (0ms)
		AwakeInstancesAfterBackupRestoration (6ms)
Launched and connected shader compiler UnityShaderCompiler.exe after 0.06 seconds
Refreshing native plugins compatible for Editor in 2.58 ms, found 3 plugins.
Preloading 0 native plugins for Editor in 0.00 ms.
Unloading 3458 Unused Serialized files (Serialized files now loaded: 0)
Unloading 36 unused Assets / (71.4 KB). Loaded Objects now: 3942.
Memory consumption went from 155.6 MB to 155.5 MB.
Total: 3.580300 ms (FindLiveObjects: 0.334600 ms CreateObjectMapping: 0.100700 ms MarkObjects: 2.985600 ms  DeleteObjects: 0.157300 ms)

AssetImportParameters requested are different than current active one (requested -> active):
  custom:container-demuxer-ogg: 62fdf1f143b41e24485cea50d1cbac27 -> 
  custom:video-codec-MediaFoundation-h265: 746d11721c4dcdbdad8f713fa42b33f4 -> 
  custom:video-decoder-ogg-theora: a1e56fd34408186e4bbccfd4996cb3dc -> 
  custom:framework-win-MediaFoundation: 216162199b28c13a410421893ffa2e32 -> 
  custom:CustomObjectIndexerAttribute: 6d391050e5a25f67b0a2c618074f2cd9 -> 
  custom:container-demuxer-webm: 4f35f7cbe854078d1ac9338744f61a02 -> 
  custom:container-muxer-webm: aa71ff27fc2769a1b78a27578f13a17b -> 
  custom:video-decoder-webm-vp8: 9c59270c3fd7afecdb556c50c9e8de78 -> 
  custom:SearchIndexIgnoredProperties: e643bd26f0fe6173181afceb89e7c659 -> 
  custom:AudioImporter_EditorPlatform: d09bf68614088b80899f8185d706f6e7 -> 
  custom:video-encoder-webm-vp8: eb34c28f22e8b96e1ab97ce403110664 -> 
  custom:audio-decoder-ogg-vorbis: bf7c407c2cedff20999df2af8eb42d56 -> 
  custom:audio-encoder-webm-vorbis: bf7c407c2cedff20999df2af8eb42d56 -> 
========================================================================
Received Import Request.
  Time since last request: 5245.137388 seconds.
  path: Assets/photos/IMG_20240513_164410.jpg
  artifactKey: Guid(f35923e0bb16acb40adcc7c76be711e0) Importer(815301076,1909f56bfc062723c751e8b465ee728b)
Start importing Assets/photos/IMG_20240513_164410.jpg using Guid(f35923e0bb16acb40adcc7c76be711e0) Importer(815301076,1909f56bfc062723c751e8b465ee728b)  -> (artifact id: '8e265d96f1ba014f4678c8c1dd1c8ef6') in 0.054389 seconds
Number of updated asset objects reloaded before import = 0
Number of asset objects unloaded after import = 2
========================================================================
Received Import Request.
  Time since last request: 16.485728 seconds.
  path: Assets/photos/IMG_20240513_164410.jpg
  artifactKey: Guid(f35923e0bb16acb40adcc7c76be711e0) Importer(815301076,1909f56bfc062723c751e8b465ee728b)
Start importing Assets/photos/IMG_20240513_164410.jpg using Guid(f35923e0bb16acb40adcc7c76be711e0) Importer(815301076,1909f56bfc062723c751e8b465ee728b)  -> (artifact id: '8b54de3a5a1bcca6fc5ed8a6640db31f') in 0.014016 seconds
Number of updated asset objects reloaded before import = 0
Number of asset objects unloaded after import = 2
========================================================================
Received Import Request.
  Time since last request: 291.648690 seconds.
  path: Assets/photos/IMG_20240513_164410.jpg
  artifactKey: Guid(f35923e0bb16acb40adcc7c76be711e0) Importer(815301076,1909f56bfc062723c751e8b465ee728b)
Start importing Assets/photos/IMG_20240513_164410.jpg using Guid(f35923e0bb16acb40adcc7c76be711e0) Importer(815301076,1909f56bfc062723c751e8b465ee728b)  -> (artifact id: '5d6bcee6b164e683af4ecdf2bdb42716') in 0.010945 seconds
Number of updated asset objects reloaded before import = 0
Number of asset objects unloaded after import = 2
========================================================================
Received Import Request.
  Time since last request: 87.049309 seconds.
  path: Assets/photos/11.1.jpg
  artifactKey: Guid(f35923e0bb16acb40adcc7c76be711e0) Importer(815301076,1909f56bfc062723c751e8b465ee728b)
Start importing Assets/photos/11.1.jpg using Guid(f35923e0bb16acb40adcc7c76be711e0) Importer(815301076,1909f56bfc062723c751e8b465ee728b)  -> (artifact id: '06d3a0a197e793c5f9a34b1e644abee5') in 0.008987 seconds
Number of updated asset objects reloaded before import = 0
Number of asset objects unloaded after import = 2
========================================================================
Received Import Request.
  Time since last request: 29.523055 seconds.
  path: Assets/photos/IMG_20240513_164421.jpg
  artifactKey: Guid(b5b0c19acb62a3b42aee23c3fc3d3fcb) Importer(815301076,1909f56bfc062723c751e8b465ee728b)
Start importing Assets/photos/IMG_20240513_164421.jpg using Guid(b5b0c19acb62a3b42aee23c3fc3d3fcb) Importer(815301076,1909f56bfc062723c751e8b465ee728b)  -> (artifact id: '906c82b62cf6fcbdd062f6e11de73977') in 0.008473 seconds
Number of updated asset objects reloaded before import = 0
Number of asset objects unloaded after import = 2
========================================================================
Received Import Request.
  Time since last request: 14.761805 seconds.
  path: Assets/photos/IMG_20240513_164421.jpg
  artifactKey: Guid(b5b0c19acb62a3b42aee23c3fc3d3fcb) Importer(815301076,1909f56bfc062723c751e8b465ee728b)
Start importing Assets/photos/IMG_20240513_164421.jpg using Guid(b5b0c19acb62a3b42aee23c3fc3d3fcb) Importer(815301076,1909f56bfc062723c751e8b465ee728b)  -> (artifact id: '4d5ad8c33189d69659d0904a1bd9ed24') in 0.007758 seconds
Number of updated asset objects reloaded before import = 0
Number of asset objects unloaded after import = 2
========================================================================
Received Import Request.
  Time since last request: 3.440928 seconds.
  path: Assets/photos/12.1.jpg
  artifactKey: Guid(b5b0c19acb62a3b42aee23c3fc3d3fcb) Importer(815301076,1909f56bfc062723c751e8b465ee728b)
Start importing Assets/photos/12.1.jpg using Guid(b5b0c19acb62a3b42aee23c3fc3d3fcb) Importer(815301076,1909f56bfc062723c751e8b465ee728b)  -> (artifact id: 'ecefca17a8b5e7a0b7690abe48e1dff6') in 0.007735 seconds
Number of updated asset objects reloaded before import = 0
Number of asset objects unloaded after import = 2
========================================================================
Received Import Request.
  Time since last request: 66.690897 seconds.
  path: Assets/photos/IMG_20240513_164433.jpg
  artifactKey: Guid(03a5b38802d794e4fb30d8d48d0f7208) Importer(815301076,1909f56bfc062723c751e8b465ee728b)
Start importing Assets/photos/IMG_20240513_164433.jpg using Guid(03a5b38802d794e4fb30d8d48d0f7208) Importer(815301076,1909f56bfc062723c751e8b465ee728b)  -> (artifact id: 'db21018b6e7a33bda71a246f8a1c2870') in 0.006533 seconds
Number of updated asset objects reloaded before import = 0
Number of asset objects unloaded after import = 2
========================================================================
Received Import Request.
  Time since last request: 31.465455 seconds.
  path: Assets/photos/IMG_20240513_164433.jpg
  artifactKey: Guid(03a5b38802d794e4fb30d8d48d0f7208) Importer(815301076,1909f56bfc062723c751e8b465ee728b)
Start importing Assets/photos/IMG_20240513_164433.jpg using Guid(03a5b38802d794e4fb30d8d48d0f7208) Importer(815301076,1909f56bfc062723c751e8b465ee728b)  -> (artifact id: '60e6c61d97a8616ca541eba972f10d47') in 0.010123 seconds
Number of updated asset objects reloaded before import = 0
Number of asset objects unloaded after import = 2
========================================================================
Received Import Request.
  Time since last request: 4.792768 seconds.
  path: Assets/photos/12.2.jpg
  artifactKey: Guid(03a5b38802d794e4fb30d8d48d0f7208) Importer(815301076,1909f56bfc062723c751e8b465ee728b)
Start importing Assets/photos/12.2.jpg using Guid(03a5b38802d794e4fb30d8d48d0f7208) Importer(815301076,1909f56bfc062723c751e8b465ee728b)  -> (artifact id: 'e1a5a9a83281da57333e758ff1a11710') in 0.009823 seconds
Number of updated asset objects reloaded before import = 0
Number of asset objects unloaded after import = 2
========================================================================
Received Import Request.
  Time since last request: 120.453792 seconds.
  path: Assets/photos/IMG_20240513_164441.jpg
  artifactKey: Guid(c83851140ef7d394ab37f3dc6fbf5114) Importer(815301076,1909f56bfc062723c751e8b465ee728b)
Start importing Assets/photos/IMG_20240513_164441.jpg using Guid(c83851140ef7d394ab37f3dc6fbf5114) Importer(815301076,1909f56bfc062723c751e8b465ee728b)  -> (artifact id: '094ffdc978bc3216ef24621be5d20d3b') in 0.009321 seconds
Number of updated asset objects reloaded before import = 0
Number of asset objects unloaded after import = 2
========================================================================
Received Import Request.
  Time since last request: 14.229159 seconds.
  path: Assets/photos/IMG_20240513_164441.jpg
  artifactKey: Guid(c83851140ef7d394ab37f3dc6fbf5114) Importer(815301076,1909f56bfc062723c751e8b465ee728b)
Start importing Assets/photos/IMG_20240513_164441.jpg using Guid(c83851140ef7d394ab37f3dc6fbf5114) Importer(815301076,1909f56bfc062723c751e8b465ee728b)  -> (artifact id: '2fe0702d1434d3c25797eb5edcc6281b') in 0.010772 seconds
Number of updated asset objects reloaded before import = 0
Number of asset objects unloaded after import = 2
========================================================================
Received Import Request.
  Time since last request: 3.779958 seconds.
  path: Assets/photos/12.3.jpg
  artifactKey: Guid(c83851140ef7d394ab37f3dc6fbf5114) Importer(815301076,1909f56bfc062723c751e8b465ee728b)
Start importing Assets/photos/12.3.jpg using Guid(c83851140ef7d394ab37f3dc6fbf5114) Importer(815301076,1909f56bfc062723c751e8b465ee728b)  -> (artifact id: '7aa098930c49be118fb87905c5a7153e') in 0.010821 seconds
Number of updated asset objects reloaded before import = 0
Number of asset objects unloaded after import = 2
========================================================================
Received Import Request.
  Time since last request: 96.404164 seconds.
  path: Assets/photos/IMG_20240513_164625.jpg
  artifactKey: Guid(dea33577823b6ca4fa77b829e230f515) Importer(815301076,1909f56bfc062723c751e8b465ee728b)
Start importing Assets/photos/IMG_20240513_164625.jpg using Guid(dea33577823b6ca4fa77b829e230f515) Importer(815301076,1909f56bfc062723c751e8b465ee728b)  -> (artifact id: 'd8000894fff7cb5b8a655249b8f0291a') in 0.008395 seconds
Number of updated asset objects reloaded before import = 0
Number of asset objects unloaded after import = 2
========================================================================
Received Import Request.
  Time since last request: 5.124095 seconds.
  path: Assets/photos/13.1.jpg
  artifactKey: Guid(dea33577823b6ca4fa77b829e230f515) Importer(815301076,1909f56bfc062723c751e8b465ee728b)
Start importing Assets/photos/13.1.jpg using Guid(dea33577823b6ca4fa77b829e230f515) Importer(815301076,1909f56bfc062723c751e8b465ee728b)  -> (artifact id: '22a84f32acbb4dfc8c1ee00b0f2961ce') in 0.007809 seconds
Number of updated asset objects reloaded before import = 0
Number of asset objects unloaded after import = 2
========================================================================
Received Import Request.
  Time since last request: 7.725218 seconds.
  path: Assets/photos/13.2.jpg
  artifactKey: Guid(408a527c80685404ab85d574729feebf) Importer(815301076,1909f56bfc062723c751e8b465ee728b)
Start importing Assets/photos/13.2.jpg using Guid(408a527c80685404ab85d574729feebf) Importer(815301076,1909f56bfc062723c751e8b465ee728b)  -> (artifact id: 'be12c4a08b9f168eb42b289874df4a00') in 0.008738 seconds
Number of updated asset objects reloaded before import = 0
Number of asset objects unloaded after import = 2
========================================================================
Received Import Request.
  Time since last request: 209.899206 seconds.
  path: Assets/photos/13.1.jpg
  artifactKey: Guid(dea33577823b6ca4fa77b829e230f515) Importer(815301076,1909f56bfc062723c751e8b465ee728b)
Start importing Assets/photos/13.1.jpg using Guid(dea33577823b6ca4fa77b829e230f515) Importer(815301076,1909f56bfc062723c751e8b465ee728b)  -> (artifact id: '8bc29413b4f6be7ddc3ce46db2a56a3f') in 0.010967 seconds
Number of updated asset objects reloaded before import = 0
Number of asset objects unloaded after import = 2
========================================================================
Received Import Request.
  Time since last request: 18.035186 seconds.
  path: Assets/photos/13.2.jpg
  artifactKey: Guid(408a527c80685404ab85d574729feebf) Importer(815301076,1909f56bfc062723c751e8b465ee728b)
Start importing Assets/photos/13.2.jpg using Guid(408a527c80685404ab85d574729feebf) Importer(815301076,1909f56bfc062723c751e8b465ee728b)  -> (artifact id: 'd83d30a7191f14d5c406955dd4719db5') in 0.009422 seconds
Number of updated asset objects reloaded before import = 0
Number of asset objects unloaded after import = 2
========================================================================
Received Import Request.
  Time since last request: 234.250320 seconds.
  path: Assets/photos/IMG_20240513_164805.jpg
  artifactKey: Guid(448511b43e2fda64b90a0f0922e81e30) Importer(815301076,1909f56bfc062723c751e8b465ee728b)
Start importing Assets/photos/IMG_20240513_164805.jpg using Guid(448511b43e2fda64b90a0f0922e81e30) Importer(815301076,1909f56bfc062723c751e8b465ee728b)  -> (artifact id: 'dba5c1f25845c5343164d07e15353a51') in 0.008482 seconds
Number of updated asset objects reloaded before import = 0
Number of asset objects unloaded after import = 2
========================================================================
Received Import Request.
  Time since last request: 27.360385 seconds.
  path: Assets/photos/14.1.jpg
  artifactKey: Guid(448511b43e2fda64b90a0f0922e81e30) Importer(815301076,1909f56bfc062723c751e8b465ee728b)
Start importing Assets/photos/14.1.jpg using Guid(448511b43e2fda64b90a0f0922e81e30) Importer(815301076,1909f56bfc062723c751e8b465ee728b)  -> (artifact id: '85f7c1e1a3a98627235c04a0e66f4d46') in 0.009419 seconds
Number of updated asset objects reloaded before import = 0
Number of asset objects unloaded after import = 2
========================================================================
Received Import Request.
  Time since last request: 8.277474 seconds.
  path: Assets/photos/9.4.jpg
  artifactKey: Guid(448511b43e2fda64b90a0f0922e81e30) Importer(815301076,1909f56bfc062723c751e8b465ee728b)
Start importing Assets/photos/9.4.jpg using Guid(448511b43e2fda64b90a0f0922e81e30) Importer(815301076,1909f56bfc062723c751e8b465ee728b)  -> (artifact id: '83d4857158d4005bcac5d6b1b85cdc83') in 0.010229 seconds
Number of updated asset objects reloaded before import = 0
Number of asset objects unloaded after import = 2
========================================================================
Received Import Request.
  Time since last request: 58.771323 seconds.
  path: Assets/photos/9.4.jpg
  artifactKey: Guid(448511b43e2fda64b90a0f0922e81e30) Importer(815301076,1909f56bfc062723c751e8b465ee728b)
Start importing Assets/photos/9.4.jpg using Guid(448511b43e2fda64b90a0f0922e81e30) Importer(815301076,1909f56bfc062723c751e8b465ee728b)  -> (artifact id: '270921b2f8ca798d6e54dd1a5800ede4') in 0.008978 seconds
Number of updated asset objects reloaded before import = 0
Number of asset objects unloaded after import = 2
========================================================================
Received Import Request.
  Time since last request: 83.619151 seconds.
  path: Assets/photos/IMG_20240513_164826.jpg
  artifactKey: Guid(c64921e32a0f4ee4abbe4084d280a364) Importer(815301076,1909f56bfc062723c751e8b465ee728b)
Start importing Assets/photos/IMG_20240513_164826.jpg using Guid(c64921e32a0f4ee4abbe4084d280a364) Importer(815301076,1909f56bfc062723c751e8b465ee728b)  -> (artifact id: '9d8386bcaed3ddc35ace635dc6e637e2') in 0.007825 seconds
Number of updated asset objects reloaded before import = 0
Number of asset objects unloaded after import = 2
========================================================================
Received Import Request.
  Time since last request: 87.545364 seconds.
  path: Assets/photos/IMG_20240513_164826.jpg
  artifactKey: Guid(c64921e32a0f4ee4abbe4084d280a364) Importer(815301076,1909f56bfc062723c751e8b465ee728b)
Start importing Assets/photos/IMG_20240513_164826.jpg using Guid(c64921e32a0f4ee4abbe4084d280a364) Importer(815301076,1909f56bfc062723c751e8b465ee728b)  -> (artifact id: '082258d51d12806254456c1c2968d7b5') in 0.011392 seconds
Number of updated asset objects reloaded before import = 0
Number of asset objects unloaded after import = 2
========================================================================
Received Import Request.
  Time since last request: 21.032723 seconds.
  path: Assets/photos/14.1.jpg
  artifactKey: Guid(c64921e32a0f4ee4abbe4084d280a364) Importer(815301076,1909f56bfc062723c751e8b465ee728b)
Start importing Assets/photos/14.1.jpg using Guid(c64921e32a0f4ee4abbe4084d280a364) Importer(815301076,1909f56bfc062723c751e8b465ee728b)  -> (artifact id: '15e73fdb060844d47c3aea9e17abed84') in 0.010718 seconds
Number of updated asset objects reloaded before import = 0
Number of asset objects unloaded after import = 2
========================================================================
Received Import Request.
  Time since last request: 36.884226 seconds.
  path: Assets/photos/IMG_20240513_164826.jpg
  artifactKey: Guid(063afbce09901a749b4db412dbbb2b2b) Importer(815301076,1909f56bfc062723c751e8b465ee728b)
Start importing Assets/photos/IMG_20240513_164826.jpg using Guid(063afbce09901a749b4db412dbbb2b2b) Importer(815301076,1909f56bfc062723c751e8b465ee728b)  -> (artifact id: '477c5b5d9740b2711f2b72fc8501226e') in 0.008051 seconds
Number of updated asset objects reloaded before import = 0
Number of asset objects unloaded after import = 2
========================================================================
Received Import Request.
  Time since last request: 4.023834 seconds.
  path: Assets/photos/14.2.jpg
  artifactKey: Guid(063afbce09901a749b4db412dbbb2b2b) Importer(815301076,1909f56bfc062723c751e8b465ee728b)
Start importing Assets/photos/14.2.jpg using Guid(063afbce09901a749b4db412dbbb2b2b) Importer(815301076,1909f56bfc062723c751e8b465ee728b)  -> (artifact id: 'aecb6dd4d83d967979164267238f5090') in 0.007866 seconds
Number of updated asset objects reloaded before import = 0
Number of asset objects unloaded after import = 2
========================================================================
Received Import Request.
  Time since last request: 16.692473 seconds.
  path: Assets/photos/14.2.jpg
  artifactKey: Guid(063afbce09901a749b4db412dbbb2b2b) Importer(815301076,1909f56bfc062723c751e8b465ee728b)
Start importing Assets/photos/14.2.jpg using Guid(063afbce09901a749b4db412dbbb2b2b) Importer(815301076,1909f56bfc062723c751e8b465ee728b)  -> (artifact id: '9ae871aff9da3002e5d33eff281f4108') in 0.009023 seconds
Number of updated asset objects reloaded before import = 0
Number of asset objects unloaded after import = 2
========================================================================
Received Import Request.
  Time since last request: 157.310363 seconds.
  path: Assets/photos/IMG_20240513_164848.jpg
  artifactKey: Guid(2eeb98a8d2f7ee14d80315de87613a63) Importer(815301076,1909f56bfc062723c751e8b465ee728b)
Start importing Assets/photos/IMG_20240513_164848.jpg using Guid(2eeb98a8d2f7ee14d80315de87613a63) Importer(815301076,1909f56bfc062723c751e8b465ee728b)  -> (artifact id: '53d2adf6766e68147456272db127d9b1') in 0.008505 seconds
Number of updated asset objects reloaded before import = 0
Number of asset objects unloaded after import = 2
========================================================================
Received Import Request.
  Time since last request: 11.594567 seconds.
  path: Assets/photos/15.1.jpg
  artifactKey: Guid(508737103f18d674b84f8896937fb969) Importer(815301076,1909f56bfc062723c751e8b465ee728b)
Start importing Assets/photos/15.1.jpg using Guid(508737103f18d674b84f8896937fb969) Importer(815301076,1909f56bfc062723c751e8b465ee728b)  -> (artifact id: '88daa5c97574b26af9cb668c09bc45d3') in 0.008321 seconds
Number of updated asset objects reloaded before import = 0
Number of asset objects unloaded after import = 2
========================================================================
Received Import Request.
  Time since last request: 133.765453 seconds.
  path: Assets/photos/IMG_20240513_164859.jpg
  artifactKey: Guid(e8698fdbf57751543a2d293a5376ec45) Importer(815301076,1909f56bfc062723c751e8b465ee728b)
Start importing Assets/photos/IMG_20240513_164859.jpg using Guid(e8698fdbf57751543a2d293a5376ec45) Importer(815301076,1909f56bfc062723c751e8b465ee728b)  -> (artifact id: '85617bc469df58d0dda0009ec09ad24f') in 0.008506 seconds
Number of updated asset objects reloaded before import = 0
Number of asset objects unloaded after import = 2
========================================================================
Received Import Request.
  Time since last request: 3.833038 seconds.
  path: Assets/photos/15.2.jpg
  artifactKey: Guid(e8698fdbf57751543a2d293a5376ec45) Importer(815301076,1909f56bfc062723c751e8b465ee728b)
Start importing Assets/photos/15.2.jpg using Guid(e8698fdbf57751543a2d293a5376ec45) Importer(815301076,1909f56bfc062723c751e8b465ee728b)  -> (artifact id: '23cd4d8134e1aae34a620c20a9866f16') in 0.010764 seconds
Number of updated asset objects reloaded before import = 0
Number of asset objects unloaded after import = 2
========================================================================
Received Import Request.
  Time since last request: 15.365972 seconds.
  path: Assets/photos/15.2.jpg
  artifactKey: Guid(e8698fdbf57751543a2d293a5376ec45) Importer(815301076,1909f56bfc062723c751e8b465ee728b)
Start importing Assets/photos/15.2.jpg using Guid(e8698fdbf57751543a2d293a5376ec45) Importer(815301076,1909f56bfc062723c751e8b465ee728b)  -> (artifact id: 'a3fefccdcbd22310d9acba24ac41200a') in 0.008056 seconds
Number of updated asset objects reloaded before import = 0
Number of asset objects unloaded after import = 2
========================================================================
Received Import Request.
  Time since last request: 249.796475 seconds.
  path: Assets/photos/IMG_20240513_164918.jpg
  artifactKey: Guid(e4a6a46e0ae879c4da35d038b7770730) Importer(815301076,1909f56bfc062723c751e8b465ee728b)
Start importing Assets/photos/IMG_20240513_164918.jpg using Guid(e4a6a46e0ae879c4da35d038b7770730) Importer(815301076,1909f56bfc062723c751e8b465ee728b)  -> (artifact id: '1d48844e3499d170727650b82e30ab95') in 0.010405 seconds
Number of updated asset objects reloaded before import = 0
Number of asset objects unloaded after import = 2
========================================================================
Received Import Request.
  Time since last request: 13.818171 seconds.
  path: Assets/photos/15,3.jpg
  artifactKey: Guid(e4a6a46e0ae879c4da35d038b7770730) Importer(815301076,1909f56bfc062723c751e8b465ee728b)
Start importing Assets/photos/15,3.jpg using Guid(e4a6a46e0ae879c4da35d038b7770730) Importer(815301076,1909f56bfc062723c751e8b465ee728b)  -> (artifact id: '794645a4ce1a0243ddb30a3ddade5f13') in 0.008001 seconds
Number of updated asset objects reloaded before import = 0
Number of asset objects unloaded after import = 2
========================================================================
Received Import Request.
  Time since last request: 21.618270 seconds.
  path: Assets/photos/15.3.jpg
  artifactKey: Guid(e4a6a46e0ae879c4da35d038b7770730) Importer(815301076,1909f56bfc062723c751e8b465ee728b)
Start importing Assets/photos/15.3.jpg using Guid(e4a6a46e0ae879c4da35d038b7770730) Importer(815301076,1909f56bfc062723c751e8b465ee728b)  -> (artifact id: '4944a4e09d70aa9335c9da21b76c98b5') in 0.007007 seconds
Number of updated asset objects reloaded before import = 0
Number of asset objects unloaded after import = 2
========================================================================
Received Import Request.
  Time since last request: 15.547418 seconds.
  path: Assets/photos/15.3.jpg
  artifactKey: Guid(e4a6a46e0ae879c4da35d038b7770730) Importer(815301076,1909f56bfc062723c751e8b465ee728b)
Start importing Assets/photos/15.3.jpg using Guid(e4a6a46e0ae879c4da35d038b7770730) Importer(815301076,1909f56bfc062723c751e8b465ee728b)  -> (artifact id: '62aa3a9951050256d3dfe7a6f8d3f373') in 0.010909 seconds
Number of updated asset objects reloaded before import = 0
Number of asset objects unloaded after import = 2
========================================================================
Received Import Request.
  Time since last request: 301.639013 seconds.
  path: Assets/photos/IMG_20240513_165242.jpg
  artifactKey: Guid(9da814f5f0a9f6b499d02b69f526c34a) Importer(815301076,1909f56bfc062723c751e8b465ee728b)
Start importing Assets/photos/IMG_20240513_165242.jpg using Guid(9da814f5f0a9f6b499d02b69f526c34a) Importer(815301076,1909f56bfc062723c751e8b465ee728b)  -> (artifact id: 'e5857c394509b53f3a342a9bda6e1b52') in 0.009244 seconds
Number of updated asset objects reloaded before import = 0
Number of asset objects unloaded after import = 2
========================================================================
Received Import Request.
  Time since last request: 22.163466 seconds.
  path: Assets/photos/IMG_20240513_165242.jpg
  artifactKey: Guid(9da814f5f0a9f6b499d02b69f526c34a) Importer(815301076,1909f56bfc062723c751e8b465ee728b)
Start importing Assets/photos/IMG_20240513_165242.jpg using Guid(9da814f5f0a9f6b499d02b69f526c34a) Importer(815301076,1909f56bfc062723c751e8b465ee728b)  -> (artifact id: 'acf8f5a2bad6912e30183577397d619c') in 0.019201 seconds
Number of updated asset objects reloaded before import = 0
Number of asset objects unloaded after import = 2
========================================================================
Received Import Request.
  Time since last request: 32.875411 seconds.
  path: Assets/地面颜色.mat
  artifactKey: Guid(2d0dae0982e47dd4b9dd106db22efe6e) Importer(815301076,1909f56bfc062723c751e8b465ee728b)
Start importing Assets/地面颜色.mat using Guid(2d0dae0982e47dd4b9dd106db22efe6e) Importer(815301076,1909f56bfc062723c751e8b465ee728b)  -> (artifact id: '5c9281fa1f57df5ee2cd9dcdbe2d96f7') in 0.059062 seconds
Number of updated asset objects reloaded before import = 0
Number of asset objects unloaded after import = 1
========================================================================
Received Import Request.
  Time since last request: 7.779681 seconds.
  path: Assets/地图.mat
  artifactKey: Guid(b581f8faaff009f488b1d1a308e182cd) Importer(815301076,1909f56bfc062723c751e8b465ee728b)
Start importing Assets/地图.mat using Guid(b581f8faaff009f488b1d1a308e182cd) Importer(815301076,1909f56bfc062723c751e8b465ee728b)  -> (artifact id: 'fedf090e0660eb4a959af2f29b5f567a') in 0.009082 seconds
Number of updated asset objects reloaded before import = 0
Number of asset objects unloaded after import = 1
========================================================================
Received Import Request.
  Time since last request: 87.335331 seconds.
  path: Assets/IMG_20240513_165242.jpg
  artifactKey: Guid(91f5331376ad7fe4c92dbb297f5fe906) Importer(815301076,1909f56bfc062723c751e8b465ee728b)
Start importing Assets/IMG_20240513_165242.jpg using Guid(91f5331376ad7fe4c92dbb297f5fe906) Importer(815301076,1909f56bfc062723c751e8b465ee728b)  -> (artifact id: 'd3b0eee242ad1aaa8a837f5fbad66367') in 0.008183 seconds
Number of updated asset objects reloaded before import = 0
Number of asset objects unloaded after import = 2
========================================================================
Received Import Request.
  Time since last request: 4.331321 seconds.
  path: Assets/地图.jpg
  artifactKey: Guid(91f5331376ad7fe4c92dbb297f5fe906) Importer(815301076,1909f56bfc062723c751e8b465ee728b)
Start importing Assets/地图.jpg using Guid(91f5331376ad7fe4c92dbb297f5fe906) Importer(815301076,1909f56bfc062723c751e8b465ee728b)  -> (artifact id: 'f511b4bd422a51c312bab1a904cd1d3a') in 0.007838 seconds
Number of updated asset objects reloaded before import = 0
Number of asset objects unloaded after import = 2
========================================================================
Received Import Request.
  Time since last request: 12.057188 seconds.
  path: Assets/地图.jpg
  artifactKey: Guid(91f5331376ad7fe4c92dbb297f5fe906) Importer(815301076,1909f56bfc062723c751e8b465ee728b)
Start importing Assets/地图.jpg using Guid(91f5331376ad7fe4c92dbb297f5fe906) Importer(815301076,1909f56bfc062723c751e8b465ee728b)  -> (artifact id: '7bf061dcfc034debe4726d876fd98115') in 0.008487 seconds
Number of updated asset objects reloaded before import = 0
Number of asset objects unloaded after import = 2
========================================================================
Received Import Request.
  Time since last request: 101.912792 seconds.
  path: Assets/地图.mat
  artifactKey: Guid(b581f8faaff009f488b1d1a308e182cd) Importer(815301076,1909f56bfc062723c751e8b465ee728b)
Start importing Assets/地图.mat using Guid(b581f8faaff009f488b1d1a308e182cd) Importer(815301076,1909f56bfc062723c751e8b465ee728b)  -> (artifact id: '199ee4ea85eaeec3bb785ebb0fdae3f5') in 0.006237 seconds
Number of updated asset objects reloaded before import = 0
Number of asset objects unloaded after import = 2
========================================================================
Received Import Request.
  Time since last request: 56.782669 seconds.
  path: Assets/photos/IMG_20240513_165419.jpg
  artifactKey: Guid(fbc069ff80b12f442a7e681147dd4422) Importer(815301076,1909f56bfc062723c751e8b465ee728b)
Start importing Assets/photos/IMG_20240513_165419.jpg using Guid(fbc069ff80b12f442a7e681147dd4422) Importer(815301076,1909f56bfc062723c751e8b465ee728b)  -> (artifact id: 'a534533ff2759aa588ec61c3d9a31917') in 0.008559 seconds
Number of updated asset objects reloaded before import = 0
Number of asset objects unloaded after import = 2
========================================================================
Received Import Request.
  Time since last request: 15.550472 seconds.
  path: Assets/photos/地图.jpg
  artifactKey: Guid(9da814f5f0a9f6b499d02b69f526c34a) Importer(815301076,1909f56bfc062723c751e8b465ee728b)
Start importing Assets/photos/地图.jpg using Guid(9da814f5f0a9f6b499d02b69f526c34a) Importer(815301076,1909f56bfc062723c751e8b465ee728b)  -> (artifact id: '7214bd469ae46a463666d03c9af548f8') in 0.006616 seconds
Number of updated asset objects reloaded before import = 0
Number of asset objects unloaded after import = 2
========================================================================
Received Import Request.
  Time since last request: 27.514337 seconds.
  path: Assets/photos/9.5.jpg
  artifactKey: Guid(fbc069ff80b12f442a7e681147dd4422) Importer(815301076,1909f56bfc062723c751e8b465ee728b)
Start importing Assets/photos/9.5.jpg using Guid(fbc069ff80b12f442a7e681147dd4422) Importer(815301076,1909f56bfc062723c751e8b465ee728b)  -> (artifact id: 'd4671f3a69d6367e2a6a38b8876b0099') in 0.009410 seconds
Number of updated asset objects reloaded before import = 0
Number of asset objects unloaded after import = 2
========================================================================
Received Import Request.
  Time since last request: 17.318677 seconds.
  path: Assets/photos/9.5.jpg
  artifactKey: Guid(fbc069ff80b12f442a7e681147dd4422) Importer(815301076,1909f56bfc062723c751e8b465ee728b)
Start importing Assets/photos/9.5.jpg using Guid(fbc069ff80b12f442a7e681147dd4422) Importer(815301076,1909f56bfc062723c751e8b465ee728b)  -> (artifact id: '3f7423367b8e02706331aba54ab5faef') in 0.011468 seconds
Number of updated asset objects reloaded before import = 0
Number of asset objects unloaded after import = 2
========================================================================
Received Import Request.
  Time since last request: 42.228144 seconds.
  path: Assets/photos/IMG_20240513_165427.jpg
  artifactKey: Guid(4d639411a22e4c04482f12f1f571ee84) Importer(815301076,1909f56bfc062723c751e8b465ee728b)
Start importing Assets/photos/IMG_20240513_165427.jpg using Guid(4d639411a22e4c04482f12f1f571ee84) Importer(815301076,1909f56bfc062723c751e8b465ee728b)  -> (artifact id: '4f7a95fbe4ac510076409192be09316c') in 0.009542 seconds
Number of updated asset objects reloaded before import = 0
Number of asset objects unloaded after import = 2
========================================================================
Received Import Request.
  Time since last request: 5.955272 seconds.
  path: Assets/photos/9.6.jpg
  artifactKey: Guid(4d639411a22e4c04482f12f1f571ee84) Importer(815301076,1909f56bfc062723c751e8b465ee728b)
Start importing Assets/photos/9.6.jpg using Guid(4d639411a22e4c04482f12f1f571ee84) Importer(815301076,1909f56bfc062723c751e8b465ee728b)  -> (artifact id: 'f1c61b103eb157cef20d1d31edd2dbce') in 0.011256 seconds
Number of updated asset objects reloaded before import = 0
Number of asset objects unloaded after import = 2
========================================================================
Received Import Request.
  Time since last request: 35.871261 seconds.
  path: Assets/photos/9.6.jpg
  artifactKey: Guid(4d639411a22e4c04482f12f1f571ee84) Importer(815301076,1909f56bfc062723c751e8b465ee728b)
Start importing Assets/photos/9.6.jpg using Guid(4d639411a22e4c04482f12f1f571ee84) Importer(815301076,1909f56bfc062723c751e8b465ee728b)  -> (artifact id: '4bb6e696de6b535c700c1fdc80f6a342') in 0.010150 seconds
Number of updated asset objects reloaded before import = 0
Number of asset objects unloaded after import = 2
========================================================================
Received Import Request.
  Time since last request: 123.521389 seconds.
  path: Assets/IMG_20240513_165347.jpg
  artifactKey: Guid(2d1d97a2db8fb184bbe555ae1acbc727) Importer(815301076,1909f56bfc062723c751e8b465ee728b)
Start importing Assets/IMG_20240513_165347.jpg using Guid(2d1d97a2db8fb184bbe555ae1acbc727) Importer(815301076,1909f56bfc062723c751e8b465ee728b)  -> (artifact id: '6f7208875488b38ba3a9ebdddca948f3') in 0.009734 seconds
Number of updated asset objects reloaded before import = 0
Number of asset objects unloaded after import = 2
========================================================================
Received Import Request.
  Time since last request: 8.237665 seconds.
  path: Assets/photos/IMG_20240513_165347.jpg
  artifactKey: Guid(e2fef53d40bfc344bbe8f4b2813eeaef) Importer(815301076,1909f56bfc062723c751e8b465ee728b)
Start importing Assets/photos/IMG_20240513_165347.jpg using Guid(e2fef53d40bfc344bbe8f4b2813eeaef) Importer(815301076,1909f56bfc062723c751e8b465ee728b)  -> (artifact id: 'a11b6820298203185c9437dfa17bd49e') in 0.006660 seconds
Number of updated asset objects reloaded before import = 0
Number of asset objects unloaded after import = 2
========================================================================
Received Import Request.
  Time since last request: 4.390631 seconds.
  path: Assets/photos/9.7.jpg
  artifactKey: Guid(e2fef53d40bfc344bbe8f4b2813eeaef) Importer(815301076,1909f56bfc062723c751e8b465ee728b)
Start importing Assets/photos/9.7.jpg using Guid(e2fef53d40bfc344bbe8f4b2813eeaef) Importer(815301076,1909f56bfc062723c751e8b465ee728b)  -> (artifact id: '51208cc481afac287e528f68e9969b07') in 0.008267 seconds
Number of updated asset objects reloaded before import = 0
Number of asset objects unloaded after import = 2
========================================================================
Received Import Request.
  Time since last request: 21.868097 seconds.
  path: Assets/photos/9.7.jpg
  artifactKey: Guid(e2fef53d40bfc344bbe8f4b2813eeaef) Importer(815301076,1909f56bfc062723c751e8b465ee728b)
Start importing Assets/photos/9.7.jpg using Guid(e2fef53d40bfc344bbe8f4b2813eeaef) Importer(815301076,1909f56bfc062723c751e8b465ee728b)  -> (artifact id: '5c6a7ea8bbfe811cbe86e508f894b99f') in 0.008701 seconds
Number of updated asset objects reloaded before import = 0
Number of asset objects unloaded after import = 2
========================================================================
Received Import Request.
  Time since last request: 77.683559 seconds.
  path: Assets/photos/IMG_20240513_165400.jpg
  artifactKey: Guid(c3f0b463b791936428b4c1755cbc3366) Importer(815301076,1909f56bfc062723c751e8b465ee728b)
Start importing Assets/photos/IMG_20240513_165400.jpg using Guid(c3f0b463b791936428b4c1755cbc3366) Importer(815301076,1909f56bfc062723c751e8b465ee728b)  -> (artifact id: '72abb1b0bfd2c6f572e4bbc84ed5fc7a') in 0.007406 seconds
Number of updated asset objects reloaded before import = 0
Number of asset objects unloaded after import = 2
========================================================================
Received Import Request.
  Time since last request: 117.962245 seconds.
  path: Assets/photos/IMG_20240513_165400.jpg
  artifactKey: Guid(c3f0b463b791936428b4c1755cbc3366) Importer(815301076,1909f56bfc062723c751e8b465ee728b)
Start importing Assets/photos/IMG_20240513_165400.jpg using Guid(c3f0b463b791936428b4c1755cbc3366) Importer(815301076,1909f56bfc062723c751e8b465ee728b)  -> (artifact id: '79ce642e79d26a8c2d64f62dc6dd6395') in 0.009837 seconds
Number of updated asset objects reloaded before import = 0
Number of asset objects unloaded after import = 2
========================================================================
Received Import Request.
  Time since last request: 11.068563 seconds.
  path: Assets/photos/16.1.jpg
  artifactKey: Guid(c3f0b463b791936428b4c1755cbc3366) Importer(815301076,1909f56bfc062723c751e8b465ee728b)
Start importing Assets/photos/16.1.jpg using Guid(c3f0b463b791936428b4c1755cbc3366) Importer(815301076,1909f56bfc062723c751e8b465ee728b)  -> (artifact id: 'a5fcc1199528f9f380c55151b1d69e03') in 0.010789 seconds
Number of updated asset objects reloaded before import = 0
Number of asset objects unloaded after import = 2
========================================================================
Received Import Request.
  Time since last request: 422.052528 seconds.
  path: Assets/photos/IMG_20240513_165337.jpg
  artifactKey: Guid(70508c69b46edab4dbada85d08dabb86) Importer(815301076,1909f56bfc062723c751e8b465ee728b)
Start importing Assets/photos/IMG_20240513_165337.jpg using Guid(70508c69b46edab4dbada85d08dabb86) Importer(815301076,1909f56bfc062723c751e8b465ee728b)  -> (artifact id: '6e88beeac127a631dd2a7b4380f42c48') in 0.006428 seconds
Number of updated asset objects reloaded before import = 0
Number of asset objects unloaded after import = 2
========================================================================
Received Import Request.
  Time since last request: 5.973562 seconds.
  path: Assets/photos/16.2.jpg
  artifactKey: Guid(70508c69b46edab4dbada85d08dabb86) Importer(815301076,1909f56bfc062723c751e8b465ee728b)
Start importing Assets/photos/16.2.jpg using Guid(70508c69b46edab4dbada85d08dabb86) Importer(815301076,1909f56bfc062723c751e8b465ee728b)  -> (artifact id: '59a6c65fcc922ce59c8c46ace3671ffe') in 0.007446 seconds
Number of updated asset objects reloaded before import = 0
Number of asset objects unloaded after import = 2
========================================================================
Received Import Request.
  Time since last request: 26.419876 seconds.
  path: Assets/photos/16.2.jpg
  artifactKey: Guid(70508c69b46edab4dbada85d08dabb86) Importer(815301076,1909f56bfc062723c751e8b465ee728b)
Start importing Assets/photos/16.2.jpg using Guid(70508c69b46edab4dbada85d08dabb86) Importer(815301076,1909f56bfc062723c751e8b465ee728b)  -> (artifact id: '9664eb88ddf641c6c2043222a9f526de') in 0.009202 seconds
Number of updated asset objects reloaded before import = 0
Number of asset objects unloaded after import = 2
